<?xml version="1.0" encoding="UTF-8"?>
<!-- Generated by org.testng.reporters.JUnitXMLReporter -->
<testsuite hostname="L206-SRajendran" ignored="0" name="Command line test" tests="4" failures="0" timestamp="2021-12-26T09:57:05 IST" time="0.068" errors="0">
  <testcase name="appiumtest1" time="0.005" classname="clickacdamey.mavn.appiumTest"/>
  <testcase name="test2" time="0.0" classname="clickacdamey.mavn.appiumTest"/>
  <testcase name="test1" time="0.001" classname="clickacdamey.mavn.seleniumTest"/>
  <testcase name="test2" time="0.0" classname="clickacdamey.mavn.seleniumTest"/>
</testsuite> <!-- Command line test -->
