<?xml version="1.0" encoding="UTF-8"?>
<testng-results skipped="0" failed="0" ignored="0" total="4" passed="4">
  <reporter-output>
  </reporter-output>
  <suite name="Command line suite" duration-ms="68" started-at="2021-12-26T09:57:05 IST" finished-at="2021-12-26T09:57:05 IST">
    <groups>
    </groups>
    <test name="Command line test" duration-ms="68" started-at="2021-12-26T09:57:05 IST" finished-at="2021-12-26T09:57:05 IST">
      <class name="clickacdamey.mavn.seleniumTest">
        <test-method status="PASS" signature="test1()[pri:0, instance:clickacdamey.mavn.seleniumTest@3b0143d3]" name="test1" duration-ms="1" started-at="2021-12-26T09:57:05 IST" finished-at="2021-12-26T09:57:05 IST">
          <reporter-output>
          </reporter-output>
        </test-method> <!-- test1 -->
        <test-method status="PASS" signature="test2()[pri:0, instance:clickacdamey.mavn.seleniumTest@3b0143d3]" name="test2" duration-ms="0" started-at="2021-12-26T09:57:05 IST" finished-at="2021-12-26T09:57:05 IST">
          <reporter-output>
          </reporter-output>
        </test-method> <!-- test2 -->
      </class> <!-- clickacdamey.mavn.seleniumTest -->
      <class name="clickacdamey.mavn.appiumTest">
        <test-method status="PASS" signature="appiumtest1()[pri:0, instance:clickacdamey.mavn.appiumTest@57536d79]" name="appiumtest1" duration-ms="5" started-at="2021-12-26T09:57:05 IST" finished-at="2021-12-26T09:57:05 IST">
          <reporter-output>
          </reporter-output>
        </test-method> <!-- appiumtest1 -->
        <test-method status="PASS" signature="test2()[pri:0, instance:clickacdamey.mavn.appiumTest@57536d79]" name="test2" duration-ms="0" started-at="2021-12-26T09:57:05 IST" finished-at="2021-12-26T09:57:05 IST">
          <reporter-output>
          </reporter-output>
        </test-method> <!-- test2 -->
      </class> <!-- clickacdamey.mavn.appiumTest -->
    </test> <!-- Command line test -->
  </suite> <!-- Command line suite -->
</testng-results>
